<?xml version="1.0" encoding="UTF-8"?>
<!-- Generated by org.testng.reporters.JUnitReportReporter -->
<testsuite hostname="Priyap-pc" failures="0" tests="2" name="testcases.StateTest" time="13.812" errors="0" timestamp="2025-02-14T14:06:33 IST" skipped="0">
  <testcase classname="testcases.StateTest" name="State" time="9.925"/>
  <testcase classname="testcases.StateTest" name="updateState" time="3.887"/>
</testsuite> <!-- testcases.StateTest -->
