<?xml version="1.0" encoding="UTF-8"?>
<!-- Generated by org.testng.reporters.JUnitReportReporter -->
<testsuite hostname="Priyap-pc" failures="0" tests="1" name="ReportsTestCases.MasterOrganizationTest" time="0.330" errors="0" timestamp="2025-04-02T12:38:44 IST" skipped="0">
  <testcase classname="ReportsTestCases.MasterOrganizationTest" name="ReportOrganization" time="0.330"/>
</testsuite> <!-- ReportsTestCases.MasterOrganizationTest -->
