<?xml version="1.0" encoding="UTF-8"?>
<!-- Generated by org.testng.reporters.JUnitReportReporter -->
<testsuite hostname="Priyap-pc" failures="0" tests="3" name="testcases.LocationTest" time="27.367" errors="0" timestamp="2025-02-04T16:41:42 IST" skipped="0">
  <testcase classname="testcases.LocationTest" name="AddLocation" time="5.784"/>
  <testcase classname="testcases.LocationTest" name="UpdateLocation" time="10.929"/>
  <testcase classname="testcases.LocationTest" name="DeleteLocation" time="10.654"/>
</testsuite> <!-- testcases.LocationTest -->
