<?xml version="1.0" encoding="UTF-8"?>
<!-- Generated by org.testng.reporters.JUnitReportReporter -->
<testsuite hostname="Priyap-pc" failures="0" tests="2" name="AdministrationTest.RoleTest" time="10.727" errors="0" timestamp="2025-02-24T15:26:18 IST" skipped="0">
  <testcase classname="AdministrationTest.RoleTest" name="NewRole" time="3.303"/>
  <testcase classname="AdministrationTest.RoleTest" name="UpdateRole" time="7.424"/>
</testsuite> <!-- AdministrationTest.RoleTest -->
