<?xml version="1.0" encoding="UTF-8"?>
<!-- Generated by org.testng.reporters.JUnitReportReporter -->
<testsuite hostname="Priyap-pc" failures="0" tests="2" name="testcases.DesginationTest" time="14.712" errors="0" timestamp="2025-02-12T16:21:00 IST" skipped="0">
  <testcase classname="testcases.DesginationTest" name="Designation" time="10.383"/>
  <testcase classname="testcases.DesginationTest" name="updateDesignation" time="4.329"/>
</testsuite> <!-- testcases.DesginationTest -->
