<?xml version="1.0" encoding="UTF-8"?>
<!-- Generated by org.testng.reporters.JUnitReportReporter -->
<testsuite hostname="Priyap-pc" failures="0" tests="1" name="LoginTest.LoginTest" time="0.285" errors="0" timestamp="2025-01-27T14:34:15 IST" skipped="0">
  <testcase classname="LoginTest.LoginTest" name="Login" time="0.285"/>
</testsuite> <!-- LoginTest.LoginTest -->
