<?xml version="1.0" encoding="UTF-8"?>
<!-- Generated by org.testng.reporters.JUnitReportReporter -->
<testsuite hostname="Priyap-pc" failures="0" tests="2" name="testcases.DivisionTest" time="10.616" errors="0" timestamp="2025-02-11T15:14:40 IST" skipped="0">
  <testcase classname="testcases.DivisionTest" name="Division" time="6.374"/>
  <testcase classname="testcases.DivisionTest" name="updateDivision" time="4.242"/>
</testsuite> <!-- testcases.DivisionTest -->
