<?xml version="1.0" encoding="UTF-8"?>
<!-- Generated by org.testng.reporters.JUnitReportReporter -->
<testsuite hostname="Priyap-pc" failures="0" tests="1" name="testcases.MasterTest" time="8.403" errors="0" timestamp="2025-01-04T17:28:19 IST" skipped="0">
  <testcase classname="testcases.MasterTest" name="testLogin" time="8.403"/>
</testsuite> <!-- testcases.MasterTest -->
