<?xml version="1.0" encoding="UTF-8"?>
<!-- Generated by org.testng.reporters.JUnitReportReporter -->
<testsuite hostname="Priyap-pc" failures="0" tests="1" name="testcases.LoginTest" time="0.538" errors="0" timestamp="2024-12-27T17:15:24 IST" skipped="0">
  <testcase classname="testcases.LoginTest" name="testLogin" time="0.538"/>
</testsuite> <!-- testcases.LoginTest -->
